companion/build/intermediates/manifest_merge_blame_file/debug/processDebugMainManifest/manifest-merger-blame-debug-report.txt
1<?xml version="1.0" encoding="utf-8"?>
2<manifest xmlns:android="http://schemas.android.com/apk/res/android"
3    package="com.example.companion"
4    android:versionCode="1"
5    android:versionName="1.0" >
6
7    <uses-sdk
7-->INJECTED
8        android:minSdkVersion="24"
8-->INJECTED
9        android:targetSdkVersion="35" />
9-->INJECTED
10
11    <uses-permission android:name="android.permission.INTERNET" />
11-->src\main\AndroidManifest.xml:4:5-67
11-->src\main\AndroidManifest.xml:4:22-64
12    <uses-permission android:name="android.permission.ACCESS_WIFI_STATE" />
12-->src\main\AndroidManifest.xml:5:5-76
12-->src\main\AndroidManifest.xml:5:22-73
13    <uses-permission android:name="android.permission.ACCESS_NETWORK_STATE" />
13-->src\main\AndroidManifest.xml:6:5-79
13-->src\main\AndroidManifest.xml:6:22-76
14    <uses-permission android:name="android.permission.ACCESS_FINE_LOCATION" />
14-->src\main\AndroidManifest.xml:7:5-79
14-->src\main\AndroidManifest.xml:7:22-76
15    <uses-permission android:name="android.permission.WAKE_LOCK" />
15-->src\main\AndroidManifest.xml:8:5-68
15-->src\main\AndroidManifest.xml:8:22-65
16    <uses-permission android:name="android.permission.FOREGROUND_SERVICE" />
16-->src\main\AndroidManifest.xml:9:5-77
16-->src\main\AndroidManifest.xml:9:22-74
17    <uses-permission android:name="android.permission.FOREGROUND_SERVICE_CONNECTED_DEVICE" />
17-->src\main\AndroidManifest.xml:10:5-94
17-->src\main\AndroidManifest.xml:10:22-91
18    <uses-permission android:name="android.permission.RECEIVE_BOOT_COMPLETED" />
18-->src\main\AndroidManifest.xml:11:5-81
18-->src\main\AndroidManifest.xml:11:22-78
19    <uses-permission android:name="android.permission.POST_NOTIFICATIONS" />
19-->src\main\AndroidManifest.xml:12:5-77
19-->src\main\AndroidManifest.xml:12:22-74
20
21    <!-- Bluetooth only for media buttons (volume, play/pause) -->
22    <uses-permission
22-->src\main\AndroidManifest.xml:15:5-95
23        android:name="android.permission.BLUETOOTH"
23-->src\main\AndroidManifest.xml:15:22-65
24        android:maxSdkVersion="30" />
24-->src\main\AndroidManifest.xml:15:66-92
25    <uses-permission
25-->src\main\AndroidManifest.xml:16:5-101
26        android:name="android.permission.BLUETOOTH_ADMIN"
26-->src\main\AndroidManifest.xml:16:22-71
27        android:maxSdkVersion="30" />
27-->src\main\AndroidManifest.xml:16:72-98
28    <uses-permission android:name="android.permission.BLUETOOTH_CONNECT" />
28-->src\main\AndroidManifest.xml:17:5-76
28-->src\main\AndroidManifest.xml:17:22-73
29
30    <permission
30-->[androidx.core:core:1.18.0] AndroidManifest.xml:22:5-24:47
31        android:name="com.example.companion.DYNAMIC_RECEIVER_NOT_EXPORTED_PERMISSION"
31-->[androidx.core:core:1.18.0] AndroidManifest.xml:23:9-81
32        android:protectionLevel="signature" />
32-->[androidx.core:core:1.18.0] AndroidManifest.xml:24:9-44
33
34    <uses-permission android:name="com.example.companion.DYNAMIC_RECEIVER_NOT_EXPORTED_PERMISSION" />
34-->[androidx.core:core:1.18.0] AndroidManifest.xml:26:5-97
34-->[androidx.core:core:1.18.0] AndroidManifest.xml:26:22-94
35
36    <application
36-->src\main\AndroidManifest.xml:19:5-50:19
37        android:allowBackup="true"
37-->src\main\AndroidManifest.xml:20:9-35
38        android:appComponentFactory="androidx.core.app.CoreComponentFactory"
38-->[androidx.core:core:1.18.0] AndroidManifest.xml:28:18-86
39        android:debuggable="true"
40        android:extractNativeLibs="false"
40-->INJECTED
41        android:label="OmniChat Companion"
41-->src\main\AndroidManifest.xml:21:9-43
42        android:supportsRtl="true" >
42-->src\main\AndroidManifest.xml:22:9-35
43        <activity
43-->src\main\AndroidManifest.xml:24:9-33:20
44            android:name="com.example.companion.CompanionReceiverActivity"
44-->src\main\AndroidManifest.xml:25:13-54
45            android:exported="true"
45-->src\main\AndroidManifest.xml:26:13-36
46            android:label="OmniChat Companion"
46-->src\main\AndroidManifest.xml:27:13-47
47            android:theme="@android:style/Theme.Material.Light.NoActionBar" >
47-->src\main\AndroidManifest.xml:28:13-76
48            <intent-filter>
48-->src\main\AndroidManifest.xml:29:13-32:29
49                <action android:name="android.intent.action.MAIN" />
49-->src\main\AndroidManifest.xml:30:17-69
49-->src\main\AndroidManifest.xml:30:25-66
50
51                <category android:name="android.intent.category.LAUNCHER" />
51-->src\main\AndroidManifest.xml:31:17-77
51-->src\main\AndroidManifest.xml:31:27-74
52            </intent-filter>
53        </activity>
54
55        <service
55-->src\main\AndroidManifest.xml:35:9-39:63
56            android:name="com.example.companion.CompanionForegroundService"
56-->src\main\AndroidManifest.xml:36:13-55
57            android:enabled="true"
57-->src\main\AndroidManifest.xml:37:13-35
58            android:exported="false"
58-->src\main\AndroidManifest.xml:38:13-37
59            android:foregroundServiceType="connectedDevice" />
59-->src\main\AndroidManifest.xml:39:13-60
60
61        <receiver
61-->src\main\AndroidManifest.xml:41:9-49:20
62            android:name="com.example.companion.CompanionBootReceiver"
62-->src\main\AndroidManifest.xml:42:13-50
63            android:enabled="true"
63-->src\main\AndroidManifest.xml:43:13-35
64            android:exported="true" >
64-->src\main\AndroidManifest.xml:44:13-36
65            <intent-filter>
65-->src\main\AndroidManifest.xml:45:13-48:29
66                <action android:name="android.intent.action.BOOT_COMPLETED" />
66-->src\main\AndroidManifest.xml:46:17-79
66-->src\main\AndroidManifest.xml:46:25-76
67                <action android:name="android.intent.action.MY_PACKAGE_REPLACED" />
67-->src\main\AndroidManifest.xml:47:17-84
67-->src\main\AndroidManifest.xml:47:25-81
68            </intent-filter>
69        </receiver>
70
71        <activity
71-->[androidx.compose.ui:ui-tooling-android:1.7.0] AndroidManifest.xml:23:9-25:39
72            android:name="androidx.compose.ui.tooling.PreviewActivity"
72-->[androidx.compose.ui:ui-tooling-android:1.7.0] AndroidManifest.xml:24:13-71
73            android:exported="true" />
73-->[androidx.compose.ui:ui-tooling-android:1.7.0] AndroidManifest.xml:25:13-36
74
75        <provider
75-->[androidx.emoji2:emoji2:1.3.0] AndroidManifest.xml:24:9-32:20
76            android:name="androidx.startup.InitializationProvider"
76-->[androidx.emoji2:emoji2:1.3.0] AndroidManifest.xml:25:13-67
77            android:authorities="com.example.companion.androidx-startup"
77-->[androidx.emoji2:emoji2:1.3.0] AndroidManifest.xml:26:13-68
78            android:exported="false" >
78-->[androidx.emoji2:emoji2:1.3.0] AndroidManifest.xml:27:13-37
79            <meta-data
79-->[androidx.emoji2:emoji2:1.3.0] AndroidManifest.xml:29:13-31:52
80                android:name="androidx.emoji2.text.EmojiCompatInitializer"
80-->[androidx.emoji2:emoji2:1.3.0] AndroidManifest.xml:30:17-75
81                android:value="androidx.startup" />
81-->[androidx.emoji2:emoji2:1.3.0] AndroidManifest.xml:31:17-49
82            <meta-data
82-->[androidx.lifecycle:lifecycle-process:2.8.7] AndroidManifest.xml:29:13-31:52
83                android:name="androidx.lifecycle.ProcessLifecycleInitializer"
83-->[androidx.lifecycle:lifecycle-process:2.8.7] AndroidManifest.xml:30:17-78
84                android:value="androidx.startup" />
84-->[androidx.lifecycle:lifecycle-process:2.8.7] AndroidManifest.xml:31:17-49
85            <meta-data
85-->[androidx.profileinstaller:profileinstaller:1.4.0] AndroidManifest.xml:29:13-31:52
86                android:name="androidx.profileinstaller.ProfileInstallerInitializer"
86-->[androidx.profileinstaller:profileinstaller:1.4.0] AndroidManifest.xml:30:17-85
87                android:value="androidx.startup" />
87-->[androidx.profileinstaller:profileinstaller:1.4.0] AndroidManifest.xml:31:17-49
88        </provider>
89
90        <receiver
90-->[androidx.profileinstaller:profileinstaller:1.4.0] AndroidManifest.xml:34:9-52:20
91            android:name="androidx.profileinstaller.ProfileInstallReceiver"
91-->[androidx.profileinstaller:profileinstaller:1.4.0] AndroidManifest.xml:35:13-76
92            android:directBootAware="false"
92-->[androidx.profileinstaller:profileinstaller:1.4.0] AndroidManifest.xml:36:13-44
93            android:enabled="true"
93-->[androidx.profileinstaller:profileinstaller:1.4.0] AndroidManifest.xml:37:13-35
94            android:exported="true"
94-->[androidx.profileinstaller:profileinstaller:1.4.0] AndroidManifest.xml:38:13-36
95            android:permission="android.permission.DUMP" >
95-->[androidx.profileinstaller:profileinstaller:1.4.0] AndroidManifest.xml:39:13-57
96            <intent-filter>
96-->[androidx.profileinstaller:profileinstaller:1.4.0] AndroidManifest.xml:40:13-42:29
97                <action android:name="androidx.profileinstaller.action.INSTALL_PROFILE" />
97-->[androidx.profileinstaller:profileinstaller:1.4.0] AndroidManifest.xml:41:17-91
97-->[androidx.profileinstaller:profileinstaller:1.4.0] AndroidManifest.xml:41:25-88
98            </intent-filter>
99            <intent-filter>
99-->[androidx.profileinstaller:profileinstaller:1.4.0] AndroidManifest.xml:43:13-45:29
100                <action android:name="androidx.profileinstaller.action.SKIP_FILE" />
100-->[androidx.profileinstaller:profileinstaller:1.4.0] AndroidManifest.xml:44:17-85
100-->[androidx.profileinstaller:profileinstaller:1.4.0] AndroidManifest.xml:44:25-82
101            </intent-filter>
102            <intent-filter>
102-->[androidx.profileinstaller:profileinstaller:1.4.0] AndroidManifest.xml:46:13-48:29
103                <action android:name="androidx.profileinstaller.action.SAVE_PROFILE" />
103-->[androidx.profileinstaller:profileinstaller:1.4.0] AndroidManifest.xml:47:17-88
103-->[androidx.profileinstaller:profileinstaller:1.4.0] AndroidManifest.xml:47:25-85
104            </intent-filter>
105            <intent-filter>
105-->[androidx.profileinstaller:profileinstaller:1.4.0] AndroidManifest.xml:49:13-51:29
106                <action android:name="androidx.profileinstaller.action.BENCHMARK_OPERATION" />
106-->[androidx.profileinstaller:profileinstaller:1.4.0] AndroidManifest.xml:50:17-95
106-->[androidx.profileinstaller:profileinstaller:1.4.0] AndroidManifest.xml:50:25-92
107            </intent-filter>
108        </receiver>
109    </application>
110
111</manifest>